2025-06-13 21:06:54.865871 - User: Anonymous - Path: /
2025-06-13 21:06:54.905973 - User: Anonymous - Path: /
2025-06-13 21:07:04.105116 - User: Anonymous - Path: /api/v1
2025-06-13 21:07:04.128145 - User: Anonymous - Path: /api/v1/
2025-06-13 21:07:04.172995 - User: Anonymous - Path: /api/v1
2025-06-13 21:07:04.191393 - User: Anonymous - Path: /api/v1/
2025-06-13 21:07:40.920978 - User: Anonymous - Path: /admin
2025-06-13 21:07:40.937054 - User: Anonymous - Path: /admin/
2025-06-13 21:07:40.951729 - User: Anonymous - Path: /admin/login/
2025-06-13 21:07:40.984781 - User: Anonymous - Path: /admin
2025-06-13 21:07:41 - User: Anonymous - Path: /admin/
2025-06-13 21:07:41.010817 - User: Anonymous - Path: /admin/login/
2025-06-13 21:10:34.324788 - User: Anonymous - Path: /admin/login/
2025-06-13 21:10:34.843794 - User: josephm2800@gmail.com - Path: /admin/
2025-06-13 21:10:38.578898 - User: josephm2800@gmail.com - Path: /admin/auth/group/
2025-06-13 21:10:38.634710 - User: josephm2800@gmail.com - Path: /admin/auth/group/
2025-06-13 21:10:38.724084 - User: josephm2800@gmail.com - Path: /admin/jsi18n/
2025-06-13 21:10:45.051322 - User: josephm2800@gmail.com - Path: /admin/auth/group/add/
2025-06-13 21:10:45.098291 - User: josephm2800@gmail.com - Path: /admin/auth/group/add/
2025-06-13 21:10:45.221698 - User: josephm2800@gmail.com - Path: /admin/jsi18n/
2025-06-13 21:11:27.790066 - User: josephm2800@gmail.com - Path: /admin/auth/group/add/
2025-06-13 21:11:27.834095 - User: josephm2800@gmail.com - Path: /admin/auth/group/
2025-06-13 21:11:27.859005 - User: josephm2800@gmail.com - Path: /admin/auth/group/add/
2025-06-13 21:11:28.055683 - User: josephm2800@gmail.com - Path: /admin/jsi18n/
2025-06-13 21:11:45.095248 - User: josephm2800@gmail.com - Path: /admin/auth/group/add/
2025-06-13 21:11:45.141883 - User: josephm2800@gmail.com - Path: /admin/auth/group/
2025-06-13 21:11:45.164517 - User: josephm2800@gmail.com - Path: /admin/auth/group/add/
2025-06-13 21:11:45.263214 - User: josephm2800@gmail.com - Path: /admin/jsi18n/
2025-06-13 21:11:51.551317 - User: josephm2800@gmail.com - Path: /admin/auth/group/
2025-06-13 21:11:51.583525 - User: josephm2800@gmail.com - Path: /admin/auth/group/
2025-06-13 21:11:51.651663 - User: josephm2800@gmail.com - Path: /admin/jsi18n/
